# JRE version: OpenJDK Runtime Environment Temurin-21.0.6+7 (21.0.6+7) (build 21.0.6+7-LTS)
# Java VM: OpenJDK 64-Bit Server VM Temurin-21.0.6+7 (21.0.6+7-LTS, mixed mode, sharing, tiered, compressed oops, compressed class ptrs, parallel gc, windows-amd64)
GC Precious Log:
 CardTable entry size: 512
 CPUs: 12 total, 12 available
 Memory: 16215M
 Large Page Support: Disabled
 NUMA Support: Disabled
 Compressed Oops: Enabled (32-bit)
 Alignments: Space 512K, Generation 512K, Heap 2M
 Heap Min Capacity: 100M
 Heap Initial Capacity: 100M
 Heap Max Capacity: 1G
 Pre-touch: Disabled
 Parallel Workers: 10
Heap:
 PSYoungGen      total 7168K, used 6877K [0x00000000eab00000, 0x00000000eb480000, 0x0000000100000000)
  eden space 5632K, 99% used [0x00000000eab00000,0x00000000eb07b430,0x00000000eb080000)
  from space 1536K, 82% used [0x00000000eb300000,0x00000000eb43c010,0x00000000eb480000)
  to   space 1536K, 0% used [0x00000000eb180000,0x00000000eb180000,0x00000000eb300000)
 ParOldGen       total 302080K, used 301996K [0x00000000c0000000, 0x00000000d2700000, 0x00000000eab00000)
  object space 302080K, 99% used [0x00000000c0000000,0x00000000d26eb048,0x00000000d2700000)
 Metaspace       used 60178K, committed 61568K, reserved 1114112K
  class space    used 6159K, committed 6784K, reserved 1048576K
GC Heap History (20 events):
Event: 9.288 GC heap after
{Heap after GC invocations=201 (full 3):
 PSYoungGen      total 5632K, used 1255K [0x00000000eab00000, 0x00000000eb280000, 0x0000000100000000)
  eden space 4096K, 0% used [0x00000000eab00000,0x00000000eab00000,0x00000000eaf00000)
  from space 1536K, 81% used [0x00000000eb100000,0x00000000eb239ec0,0x00000000eb280000)
  to   space 1536K, 0% used [0x00000000eaf80000,0x00000000eaf80000,0x00000000eb100000)
 ParOldGen       total 284160K, used 283689K [0x00000000c0000000, 0x00000000d1580000, 0x00000000eab00000)
  object space 284160K, 99% used [0x00000000c0000000,0x00000000d150a580,0x00000000d1580000)
 Metaspace       used 60072K, committed 61504K, reserved 1114112K
  class space    used 6157K, committed 6784K, reserved 1048576K
}
Event: 9.294 GC heap before
{Heap before GC invocations=202 (full 3):
 PSYoungGen      total 5632K, used 5351K [0x00000000eab00000, 0x00000000eb280000, 0x0000000100000000)
  eden space 4096K, 100% used [0x00000000eab00000,0x00000000eaf00000,0x00000000eaf00000)
  from space 1536K, 81% used [0x00000000eb100000,0x00000000eb239ec0,0x00000000eb280000)
  to   space 1536K, 0% used [0x00000000eaf80000,0x00000000eaf80000,0x00000000eb100000)
 ParOldGen       total 284160K, used 283689K [0x00000000c0000000, 0x00000000d1580000, 0x00000000eab00000)
  object space 284160K, 99% used [0x00000000c0000000,0x00000000d150a580,0x00000000d1580000)
 Metaspace       used 60074K, committed 61504K, reserved 1114112K
  class space    used 6157K, committed 6784K, reserved 1048576K
}
Event: 9.296 GC heap after
{Heap after GC invocations=202 (full 3):
 PSYoungGen      total 6144K, used 1520K [0x00000000eab00000, 0x00000000eb600000, 0x0000000100000000)
  eden space 4608K, 0% used [0x00000000eab00000,0x00000000eab00000,0x00000000eaf80000)
  from space 1536K, 98% used [0x00000000eaf80000,0x00000000eb0fc098,0x00000000eb100000)
  to   space 3072K, 0% used [0x00000000eb300000,0x00000000eb300000,0x00000000eb600000)
 ParOldGen       total 285184K, used 284904K [0x00000000c0000000, 0x00000000d1680000, 0x00000000eab00000)
  object space 285184K, 99% used [0x00000000c0000000,0x00000000d163a010,0x00000000d1680000)
 Metaspace       used 60074K, committed 61504K, reserved 1114112K
  class space    used 6157K, committed 6784K, reserved 1048576K
}
Event: 9.301 GC heap before
{Heap before GC invocations=203 (full 3):
 PSYoungGen      total 6144K, used 6094K [0x00000000eab00000, 0x00000000eb600000, 0x0000000100000000)
  eden space 4608K, 99% used [0x00000000eab00000,0x00000000eaf77888,0x00000000eaf80000)
  from space 1536K, 98% used [0x00000000eaf80000,0x00000000eb0fc098,0x00000000eb100000)
  to   space 3072K, 0% used [0x00000000eb300000,0x00000000eb300000,0x00000000eb600000)
 ParOldGen       total 285184K, used 284904K [0x00000000c0000000, 0x00000000d1680000, 0x00000000eab00000)
  object space 285184K, 99% used [0x00000000c0000000,0x00000000d163a010,0x00000000d1680000)
 Metaspace       used 60076K, committed 61504K, reserved 1114112K
  class space    used 6157K, committed 6784K, reserved 1048576K
}
Event: 9.303 GC heap after
{Heap after GC invocations=203 (full 3):
 PSYoungGen      total 8192K, used 1754K [0x00000000eab00000, 0x00000000eb580000, 0x0000000100000000)
  eden space 5632K, 0% used [0x00000000eab00000,0x00000000eab00000,0x00000000eb080000)
  from space 2560K, 68% used [0x00000000eb300000,0x00000000eb4b6bb0,0x00000000eb580000)
  to   space 2560K, 0% used [0x00000000eb080000,0x00000000eb080000,0x00000000eb300000)
 ParOldGen       total 286720K, used 286233K [0x00000000c0000000, 0x00000000d1800000, 0x00000000eab00000)
  object space 286720K, 99% used [0x00000000c0000000,0x00000000d17867c0,0x00000000d1800000)
 Metaspace       used 60076K, committed 61504K, reserved 1114112K
  class space    used 6157K, committed 6784K, reserved 1048576K
}
Event: 9.310 GC heap before
{Heap before GC invocations=204 (full 3):
 PSYoungGen      total 8192K, used 7386K [0x00000000eab00000, 0x00000000eb580000, 0x0000000100000000)
  eden space 5632K, 100% used [0x00000000eab00000,0x00000000eb080000,0x00000000eb080000)
  from space 2560K, 68% used [0x00000000eb300000,0x00000000eb4b6bb0,0x00000000eb580000)
  to   space 2560K, 0% used [0x00000000eb080000,0x00000000eb080000,0x00000000eb300000)
 ParOldGen       total 286720K, used 286233K [0x00000000c0000000, 0x00000000d1800000, 0x00000000eab00000)
  object space 286720K, 99% used [0x00000000c0000000,0x00000000d17867c0,0x00000000d1800000)
 Metaspace       used 60084K, committed 61504K, reserved 1114112K
  class space    used 6157K, committed 6784K, reserved 1048576K
}
Event: 9.312 GC heap after
{Heap after GC invocations=204 (full 3):
 PSYoungGen      total 8192K, used 2181K [0x00000000eab00000, 0x00000000eb700000, 0x0000000100000000)
  eden space 5632K, 0% used [0x00000000eab00000,0x00000000eab00000,0x00000000eb080000)
  from space 2560K, 85% used [0x00000000eb080000,0x00000000eb2a15e8,0x00000000eb300000)
  to   space 2560K, 0% used [0x00000000eb480000,0x00000000eb480000,0x00000000eb700000)
 ParOldGen       total 288256K, used 287826K [0x00000000c0000000, 0x00000000d1980000, 0x00000000eab00000)
  object space 288256K, 99% used [0x00000000c0000000,0x00000000d1914920,0x00000000d1980000)
 Metaspace       used 60084K, committed 61504K, reserved 1114112K
  class space    used 6157K, committed 6784K, reserved 1048576K
}
Event: 9.323 GC heap before
{Heap before GC invocations=205 (full 3):
 PSYoungGen      total 8192K, used 7813K [0x00000000eab00000, 0x00000000eb700000, 0x0000000100000000)
  eden space 5632K, 100% used [0x00000000eab00000,0x00000000eb080000,0x00000000eb080000)
  from space 2560K, 85% used [0x00000000eb080000,0x00000000eb2a15e8,0x00000000eb300000)
  to   space 2560K, 0% used [0x00000000eb480000,0x00000000eb480000,0x00000000eb700000)
 ParOldGen       total 288256K, used 287826K [0x00000000c0000000, 0x00000000d1980000, 0x00000000eab00000)
  object space 288256K, 99% used [0x00000000c0000000,0x00000000d1914920,0x00000000d1980000)
 Metaspace       used 60089K, committed 61504K, reserved 1114112K
  class space    used 6157K, committed 6784K, reserved 1048576K
}
Event: 9.325 GC heap after
{Heap after GC invocations=205 (full 3):
 PSYoungGen      total 8192K, used 2257K [0x00000000eab00000, 0x00000000eb700000, 0x0000000100000000)
  eden space 5632K, 0% used [0x00000000eab00000,0x00000000eab00000,0x00000000eb080000)
  from space 2560K, 88% used [0x00000000eb480000,0x00000000eb6b4478,0x00000000eb700000)
  to   space 2560K, 0% used [0x00000000eb080000,0x00000000eb080000,0x00000000eb300000)
 ParOldGen       total 290304K, used 289860K [0x00000000c0000000, 0x00000000d1b80000, 0x00000000eab00000)
  object space 290304K, 99% used [0x00000000c0000000,0x00000000d1b111e0,0x00000000d1b80000)
 Metaspace       used 60089K, committed 61504K, reserved 1114112K
  class space    used 6157K, committed 6784K, reserved 1048576K
}
Event: 9.342 GC heap before
{Heap before GC invocations=206 (full 3):
 PSYoungGen      total 8192K, used 7883K [0x00000000eab00000, 0x00000000eb700000, 0x0000000100000000)
  eden space 5632K, 99% used [0x00000000eab00000,0x00000000eb07e938,0x00000000eb080000)
  from space 2560K, 88% used [0x00000000eb480000,0x00000000eb6b4478,0x00000000eb700000)
  to   space 2560K, 0% used [0x00000000eb080000,0x00000000eb080000,0x00000000eb300000)
 ParOldGen       total 290304K, used 289860K [0x00000000c0000000, 0x00000000d1b80000, 0x00000000eab00000)
  object space 290304K, 99% used [0x00000000c0000000,0x00000000d1b111e0,0x00000000d1b80000)
 Metaspace       used 60094K, committed 61504K, reserved 1114112K
  class space    used 6157K, committed 6784K, reserved 1048576K
}
Event: 9.343 GC heap after
{Heap after GC invocations=206 (full 3):
 PSYoungGen      total 8192K, used 2359K [0x00000000eab00000, 0x00000000eb580000, 0x0000000100000000)
  eden space 5632K, 0% used [0x00000000eab00000,0x00000000eab00000,0x00000000eb080000)
  from space 2560K, 92% used [0x00000000eb080000,0x00000000eb2cdf80,0x00000000eb300000)
  to   space 2560K, 0% used [0x00000000eb300000,0x00000000eb300000,0x00000000eb580000)
 ParOldGen       total 292352K, used 291984K [0x00000000c0000000, 0x00000000d1d80000, 0x00000000eab00000)
  object space 292352K, 99% used [0x00000000c0000000,0x00000000d1d24278,0x00000000d1d80000)
 Metaspace       used 60094K, committed 61504K, reserved 1114112K
  class space    used 6157K, committed 6784K, reserved 1048576K
}
Event: 9.350 GC heap before
{Heap before GC invocations=207 (full 3):
 PSYoungGen      total 8192K, used 7991K [0x00000000eab00000, 0x00000000eb580000, 0x0000000100000000)
  eden space 5632K, 99% used [0x00000000eab00000,0x00000000eb07fff0,0x00000000eb080000)
  from space 2560K, 92% used [0x00000000eb080000,0x00000000eb2cdf80,0x00000000eb300000)
  to   space 2560K, 0% used [0x00000000eb300000,0x00000000eb300000,0x00000000eb580000)
 ParOldGen       total 292352K, used 291984K [0x00000000c0000000, 0x00000000d1d80000, 0x00000000eab00000)
  object space 292352K, 99% used [0x00000000c0000000,0x00000000d1d24278,0x00000000d1d80000)
 Metaspace       used 60106K, committed 61504K, reserved 1114112K
  class space    used 6157K, committed 6784K, reserved 1048576K
}
Event: 9.352 GC heap after
{Heap after GC invocations=207 (full 3):
 PSYoungGen      total 8192K, used 2437K [0x00000000eab00000, 0x00000000eb580000, 0x0000000100000000)
  eden space 5632K, 0% used [0x00000000eab00000,0x00000000eab00000,0x00000000eb080000)
  from space 2560K, 95% used [0x00000000eb300000,0x00000000eb561788,0x00000000eb580000)
  to   space 2560K, 0% used [0x00000000eb080000,0x00000000eb080000,0x00000000eb300000)
 ParOldGen       total 294400K, used 294138K [0x00000000c0000000, 0x00000000d1f80000, 0x00000000eab00000)
  object space 294400K, 99% used [0x00000000c0000000,0x00000000d1f3eba0,0x00000000d1f80000)
 Metaspace       used 60106K, committed 61504K, reserved 1114112K
  class space    used 6157K, committed 6784K, reserved 1048576K
}
Event: 9.358 GC heap before
{Heap before GC invocations=208 (full 3):
 PSYoungGen      total 8192K, used 8069K [0x00000000eab00000, 0x00000000eb580000, 0x0000000100000000)
  eden space 5632K, 100% used [0x00000000eab00000,0x00000000eb080000,0x00000000eb080000)
  from space 2560K, 95% used [0x00000000eb300000,0x00000000eb561788,0x00000000eb580000)
  to   space 2560K, 0% used [0x00000000eb080000,0x00000000eb080000,0x00000000eb300000)
 ParOldGen       total 294400K, used 294138K [0x00000000c0000000, 0x00000000d1f80000, 0x00000000eab00000)
  object space 294400K, 99% used [0x00000000c0000000,0x00000000d1f3eba0,0x00000000d1f80000)
 Metaspace       used 60106K, committed 61504K, reserved 1114112K
  class space    used 6157K, committed 6784K, reserved 1048576K
}
Event: 9.360 GC heap after
{Heap after GC invocations=208 (full 3):
 PSYoungGen      total 8192K, used 2326K [0x00000000eab00000, 0x00000000eb580000, 0x0000000100000000)
  eden space 5632K, 0% used [0x00000000eab00000,0x00000000eab00000,0x00000000eb080000)
  from space 2560K, 90% used [0x00000000eb080000,0x00000000eb2c5b68,0x00000000eb300000)
  to   space 2560K, 0% used [0x00000000eb300000,0x00000000eb300000,0x00000000eb580000)
 ParOldGen       total 296448K, used 296411K [0x00000000c0000000, 0x00000000d2180000, 0x00000000eab00000)
  object space 296448K, 99% used [0x00000000c0000000,0x00000000d2176e30,0x00000000d2180000)
 Metaspace       used 60106K, committed 61504K, reserved 1114112K
  class space    used 6157K, committed 6784K, reserved 1048576K
}
Event: 9.369 GC heap before
{Heap before GC invocations=209 (full 3):
 PSYoungGen      total 8192K, used 7958K [0x00000000eab00000, 0x00000000eb580000, 0x0000000100000000)
  eden space 5632K, 100% used [0x00000000eab00000,0x00000000eb080000,0x00000000eb080000)
  from space 2560K, 90% used [0x00000000eb080000,0x00000000eb2c5b68,0x00000000eb300000)
  to   space 2560K, 0% used [0x00000000eb300000,0x00000000eb300000,0x00000000eb580000)
 ParOldGen       total 296448K, used 296411K [0x00000000c0000000, 0x00000000d2180000, 0x00000000eab00000)
  object space 296448K, 99% used [0x00000000c0000000,0x00000000d2176e30,0x00000000d2180000)
 Metaspace       used 60106K, committed 61504K, reserved 1114112K
  class space    used 6157K, committed 6784K, reserved 1048576K
}
Event: 9.371 GC heap after
{Heap after GC invocations=209 (full 3):
 PSYoungGen      total 7680K, used 1859K [0x00000000eab00000, 0x00000000eb500000, 0x0000000100000000)
  eden space 5632K, 0% used [0x00000000eab00000,0x00000000eab00000,0x00000000eb080000)
  from space 2048K, 90% used [0x00000000eb300000,0x00000000eb4d0ed0,0x00000000eb500000)
  to   space 2048K, 0% used [0x00000000eb100000,0x00000000eb100000,0x00000000eb300000)
 ParOldGen       total 299008K, used 298604K [0x00000000c0000000, 0x00000000d2400000, 0x00000000eab00000)
  object space 299008K, 99% used [0x00000000c0000000,0x00000000d239b1a8,0x00000000d2400000)
 Metaspace       used 60106K, committed 61504K, reserved 1114112K
  class space    used 6157K, committed 6784K, reserved 1048576K
}
Event: 9.411 GC heap before
{Heap before GC invocations=210 (full 3):
 PSYoungGen      total 7680K, used 7491K [0x00000000eab00000, 0x00000000eb500000, 0x0000000100000000)
  eden space 5632K, 100% used [0x00000000eab00000,0x00000000eb080000,0x00000000eb080000)
  from space 2048K, 90% used [0x00000000eb300000,0x00000000eb4d0ed0,0x00000000eb500000)
  to   space 2048K, 0% used [0x00000000eb100000,0x00000000eb100000,0x00000000eb300000)
 ParOldGen       total 299008K, used 298604K [0x00000000c0000000, 0x00000000d2400000, 0x00000000eab00000)
  object space 299008K, 99% used [0x00000000c0000000,0x00000000d239b1a8,0x00000000d2400000)
 Metaspace       used 60129K, committed 61568K, reserved 1114112K
  class space    used 6158K, committed 6784K, reserved 1048576K
}
Event: 9.413 GC heap after
{Heap after GC invocations=210 (full 3):
 PSYoungGen      total 7680K, used 1811K [0x00000000eab00000, 0x00000000eb480000, 0x0000000100000000)
  eden space 5632K, 0% used [0x00000000eab00000,0x00000000eab00000,0x00000000eb080000)
  from space 2048K, 88% used [0x00000000eb100000,0x00000000eb2c4f78,0x00000000eb300000)
  to   space 1536K, 0% used [0x00000000eb300000,0x00000000eb300000,0x00000000eb480000)
 ParOldGen       total 300544K, used 300295K [0x00000000c0000000, 0x00000000d2580000, 0x00000000eab00000)
  object space 300544K, 99% used [0x00000000c0000000,0x00000000d2541ed0,0x00000000d2580000)
 Metaspace       used 60129K, committed 61568K, reserved 1114112K
  class space    used 6158K, committed 6784K, reserved 1048576K
}
Event: 9.454 GC heap before
{Heap before GC invocations=211 (full 3):
 PSYoungGen      total 7680K, used 7443K [0x00000000eab00000, 0x00000000eb480000, 0x0000000100000000)
  eden space 5632K, 100% used [0x00000000eab00000,0x00000000eb080000,0x00000000eb080000)
  from space 2048K, 88% used [0x00000000eb100000,0x00000000eb2c4f78,0x00000000eb300000)
  to   space 1536K, 0% used [0x00000000eb300000,0x00000000eb300000,0x00000000eb480000)
 ParOldGen       total 300544K, used 300295K [0x00000000c0000000, 0x00000000d2580000, 0x00000000eab00000)
  object space 300544K, 99% used [0x00000000c0000000,0x00000000d2541ed0,0x00000000d2580000)
 Metaspace       used 60162K, committed 61568K, reserved 1114112K
  class space    used 6159K, committed 6784K, reserved 1048576K
}

