# JRE version: OpenJDK Runtime Environment Temurin-21.0.6+7 (21.0.6+7) (build 21.0.6+7-LTS)
# Java VM: OpenJDK 64-Bit Server VM Temurin-21.0.6+7 (21.0.6+7-LTS, mixed mode, sharing, tiered, compressed oops, compressed class ptrs, parallel gc, windows-amd64)
GC Precious Log:
 CardTable entry size: 512
 CPUs: 12 total, 12 available
 Memory: 16215M
 Large Page Support: Disabled
 NUMA Support: Disabled
 Compressed Oops: Enabled (32-bit)
 Alignments: Space 512K, Generation 512K, Heap 2M
 Heap Min Capacity: 100M
 Heap Initial Capacity: 100M
 Heap Max Capacity: 1G
 Pre-touch: Disabled
 Parallel Workers: 10
Heap:
 PSYoungGen      total 2560K, used 544K [0x00000000eab00000, 0x00000000eaf00000, 0x0000000100000000)
  eden space 2048K, 9% used [0x00000000eab00000,0x00000000eab300f0,0x00000000ead00000)
  from space 512K, 68% used [0x00000000eae80000,0x00000000eaed8000,0x00000000eaf00000)
  to   space 512K, 0% used [0x00000000eae00000,0x00000000eae00000,0x00000000eae80000)
 ParOldGen       total 462848K, used 462498K [0x00000000c0000000, 0x00000000dc400000, 0x00000000eab00000)
  object space 462848K, 99% used [0x00000000c0000000,0x00000000dc3a8800,0x00000000dc400000)
 Metaspace       used 72136K, committed 73728K, reserved 1179648K
  class space    used 7447K, committed 8192K, reserved 1048576K
GC Heap History (20 events):
Event: 41.142 GC heap before
{Heap before GC invocations=565 (full 3):
 PSYoungGen      total 2048K, used 2016K [0x00000000eab00000, 0x00000000eae00000, 0x0000000100000000)
  eden space 1536K, 99% used [0x00000000eab00000,0x00000000eac7ee08,0x00000000eac80000)
  from space 512K, 94% used [0x00000000eac80000,0x00000000eacf9208,0x00000000ead00000)
  to   space 512K, 0% used [0x00000000ead80000,0x00000000ead80000,0x00000000eae00000)
 ParOldGen       total 459776K, used 459524K [0x00000000c0000000, 0x00000000dc100000, 0x00000000eab00000)
  object space 459776K, 99% used [0x00000000c0000000,0x00000000dc0c1218,0x00000000dc100000)
 Metaspace       used 72129K, committed 73728K, reserved 1179648K
  class space    used 7447K, committed 8192K, reserved 1048576K
}
Event: 41.144 GC heap after
{Heap after GC invocations=565 (full 3):
 PSYoungGen      total 2048K, used 416K [0x00000000eab00000, 0x00000000eae00000, 0x0000000100000000)
  eden space 1536K, 0% used [0x00000000eab00000,0x00000000eab00000,0x00000000eac80000)
  from space 512K, 81% used [0x00000000ead80000,0x00000000eade8000,0x00000000eae00000)
  to   space 512K, 0% used [0x00000000eac80000,0x00000000eac80000,0x00000000ead00000)
 ParOldGen       total 459776K, used 459708K [0x00000000c0000000, 0x00000000dc100000, 0x00000000eab00000)
  object space 459776K, 99% used [0x00000000c0000000,0x00000000dc0ef218,0x00000000dc100000)
 Metaspace       used 72129K, committed 73728K, reserved 1179648K
  class space    used 7447K, committed 8192K, reserved 1048576K
}
Event: 41.147 GC heap before
{Heap before GC invocations=566 (full 3):
 PSYoungGen      total 2048K, used 1951K [0x00000000eab00000, 0x00000000eae00000, 0x0000000100000000)
  eden space 1536K, 99% used [0x00000000eab00000,0x00000000eac7fcd0,0x00000000eac80000)
  from space 512K, 81% used [0x00000000ead80000,0x00000000eade8000,0x00000000eae00000)
  to   space 512K, 0% used [0x00000000eac80000,0x00000000eac80000,0x00000000ead00000)
 ParOldGen       total 459776K, used 459708K [0x00000000c0000000, 0x00000000dc100000, 0x00000000eab00000)
  object space 459776K, 99% used [0x00000000c0000000,0x00000000dc0ef218,0x00000000dc100000)
 Metaspace       used 72129K, committed 73728K, reserved 1179648K
  class space    used 7447K, committed 8192K, reserved 1048576K
}
Event: 41.148 GC heap after
{Heap after GC invocations=566 (full 3):
 PSYoungGen      total 2048K, used 352K [0x00000000eab00000, 0x00000000eae00000, 0x0000000100000000)
  eden space 1536K, 0% used [0x00000000eab00000,0x00000000eab00000,0x00000000eac80000)
  from space 512K, 68% used [0x00000000eac80000,0x00000000eacd8000,0x00000000ead00000)
  to   space 512K, 0% used [0x00000000ead80000,0x00000000ead80000,0x00000000eae00000)
 ParOldGen       total 460288K, used 460012K [0x00000000c0000000, 0x00000000dc180000, 0x00000000eab00000)
  object space 460288K, 99% used [0x00000000c0000000,0x00000000dc13b218,0x00000000dc180000)
 Metaspace       used 72129K, committed 73728K, reserved 1179648K
  class space    used 7447K, committed 8192K, reserved 1048576K
}
Event: 41.151 GC heap before
{Heap before GC invocations=567 (full 3):
 PSYoungGen      total 2048K, used 1888K [0x00000000eab00000, 0x00000000eae00000, 0x0000000100000000)
  eden space 1536K, 100% used [0x00000000eab00000,0x00000000eac80000,0x00000000eac80000)
  from space 512K, 68% used [0x00000000eac80000,0x00000000eacd8000,0x00000000ead00000)
  to   space 512K, 0% used [0x00000000ead80000,0x00000000ead80000,0x00000000eae00000)
 ParOldGen       total 460288K, used 460012K [0x00000000c0000000, 0x00000000dc180000, 0x00000000eab00000)
  object space 460288K, 99% used [0x00000000c0000000,0x00000000dc13b218,0x00000000dc180000)
 Metaspace       used 72129K, committed 73728K, reserved 1179648K
  class space    used 7447K, committed 8192K, reserved 1048576K
}
Event: 41.153 GC heap after
{Heap after GC invocations=567 (full 3):
 PSYoungGen      total 2560K, used 406K [0x00000000eab00000, 0x00000000eae00000, 0x0000000100000000)
  eden space 2048K, 0% used [0x00000000eab00000,0x00000000eab00000,0x00000000ead00000)
  from space 512K, 79% used [0x00000000ead80000,0x00000000eade5808,0x00000000eae00000)
  to   space 512K, 0% used [0x00000000ead00000,0x00000000ead00000,0x00000000ead80000)
 ParOldGen       total 460288K, used 460228K [0x00000000c0000000, 0x00000000dc180000, 0x00000000eab00000)
  object space 460288K, 99% used [0x00000000c0000000,0x00000000dc171218,0x00000000dc180000)
 Metaspace       used 72129K, committed 73728K, reserved 1179648K
  class space    used 7447K, committed 8192K, reserved 1048576K
}
Event: 41.159 GC heap before
{Heap before GC invocations=568 (full 3):
 PSYoungGen      total 2560K, used 2454K [0x00000000eab00000, 0x00000000eae00000, 0x0000000100000000)
  eden space 2048K, 100% used [0x00000000eab00000,0x00000000ead00000,0x00000000ead00000)
  from space 512K, 79% used [0x00000000ead80000,0x00000000eade5808,0x00000000eae00000)
  to   space 512K, 0% used [0x00000000ead00000,0x00000000ead00000,0x00000000ead80000)
 ParOldGen       total 460288K, used 460228K [0x00000000c0000000, 0x00000000dc180000, 0x00000000eab00000)
  object space 460288K, 99% used [0x00000000c0000000,0x00000000dc171218,0x00000000dc180000)
 Metaspace       used 72129K, committed 73728K, reserved 1179648K
  class space    used 7447K, committed 8192K, reserved 1048576K
}
Event: 41.161 GC heap after
{Heap after GC invocations=568 (full 3):
 PSYoungGen      total 2560K, used 512K [0x00000000eab00000, 0x00000000eaf80000, 0x0000000100000000)
  eden space 2048K, 0% used [0x00000000eab00000,0x00000000eab00000,0x00000000ead00000)
  from space 512K, 100% used [0x00000000ead00000,0x00000000ead80000,0x00000000ead80000)
  to   space 1024K, 0% used [0x00000000eae80000,0x00000000eae80000,0x00000000eaf80000)
 ParOldGen       total 460800K, used 460522K [0x00000000c0000000, 0x00000000dc200000, 0x00000000eab00000)
  object space 460800K, 99% used [0x00000000c0000000,0x00000000dc1ba920,0x00000000dc200000)
 Metaspace       used 72129K, committed 73728K, reserved 1179648K
  class space    used 7447K, committed 8192K, reserved 1048576K
}
Event: 41.210 GC heap before
{Heap before GC invocations=569 (full 3):
 PSYoungGen      total 2560K, used 2560K [0x00000000eab00000, 0x00000000eaf80000, 0x0000000100000000)
  eden space 2048K, 100% used [0x00000000eab00000,0x00000000ead00000,0x00000000ead00000)
  from space 512K, 100% used [0x00000000ead00000,0x00000000ead80000,0x00000000ead80000)
  to   space 1024K, 0% used [0x00000000eae80000,0x00000000eae80000,0x00000000eaf80000)
 ParOldGen       total 460800K, used 460522K [0x00000000c0000000, 0x00000000dc200000, 0x00000000eab00000)
  object space 460800K, 99% used [0x00000000c0000000,0x00000000dc1ba920,0x00000000dc200000)
 Metaspace       used 72129K, committed 73728K, reserved 1179648K
  class space    used 7447K, committed 8192K, reserved 1048576K
}
Event: 41.211 GC heap after
{Heap after GC invocations=569 (full 3):
 PSYoungGen      total 2560K, used 384K [0x00000000eab00000, 0x00000000eaf00000, 0x0000000100000000)
  eden space 2048K, 0% used [0x00000000eab00000,0x00000000eab00000,0x00000000ead00000)
  from space 512K, 75% used [0x00000000eae80000,0x00000000eaee0000,0x00000000eaf00000)
  to   space 1024K, 0% used [0x00000000ead00000,0x00000000ead00000,0x00000000eae00000)
 ParOldGen       total 460800K, used 460730K [0x00000000c0000000, 0x00000000dc200000, 0x00000000eab00000)
  object space 460800K, 99% used [0x00000000c0000000,0x00000000dc1ee920,0x00000000dc200000)
 Metaspace       used 72129K, committed 73728K, reserved 1179648K
  class space    used 7447K, committed 8192K, reserved 1048576K
}
Event: 41.216 GC heap before
{Heap before GC invocations=570 (full 3):
 PSYoungGen      total 2560K, used 2432K [0x00000000eab00000, 0x00000000eaf00000, 0x0000000100000000)
  eden space 2048K, 100% used [0x00000000eab00000,0x00000000ead00000,0x00000000ead00000)
  from space 512K, 75% used [0x00000000eae80000,0x00000000eaee0000,0x00000000eaf00000)
  to   space 1024K, 0% used [0x00000000ead00000,0x00000000ead00000,0x00000000eae00000)
 ParOldGen       total 460800K, used 460730K [0x00000000c0000000, 0x00000000dc200000, 0x00000000eab00000)
  object space 460800K, 99% used [0x00000000c0000000,0x00000000dc1ee920,0x00000000dc200000)
 Metaspace       used 72129K, committed 73728K, reserved 1179648K
  class space    used 7447K, committed 8192K, reserved 1048576K
}
Event: 41.217 GC heap after
{Heap after GC invocations=570 (full 3):
 PSYoungGen      total 3072K, used 384K [0x00000000eab00000, 0x00000000eaf00000, 0x0000000100000000)
  eden space 2048K, 0% used [0x00000000eab00000,0x00000000eab00000,0x00000000ead00000)
  from space 1024K, 37% used [0x00000000ead00000,0x00000000ead60000,0x00000000eae00000)
  to   space 512K, 0% used [0x00000000eae80000,0x00000000eae80000,0x00000000eaf00000)
 ParOldGen       total 461312K, used 460965K [0x00000000c0000000, 0x00000000dc280000, 0x00000000eab00000)
  object space 461312K, 99% used [0x00000000c0000000,0x00000000dc229490,0x00000000dc280000)
 Metaspace       used 72129K, committed 73728K, reserved 1179648K
  class space    used 7447K, committed 8192K, reserved 1048576K
}
Event: 41.221 GC heap before
{Heap before GC invocations=571 (full 3):
 PSYoungGen      total 3072K, used 2432K [0x00000000eab00000, 0x00000000eaf00000, 0x0000000100000000)
  eden space 2048K, 100% used [0x00000000eab00000,0x00000000ead00000,0x00000000ead00000)
  from space 1024K, 37% used [0x00000000ead00000,0x00000000ead60000,0x00000000eae00000)
  to   space 512K, 0% used [0x00000000eae80000,0x00000000eae80000,0x00000000eaf00000)
 ParOldGen       total 461312K, used 460965K [0x00000000c0000000, 0x00000000dc280000, 0x00000000eab00000)
  object space 461312K, 99% used [0x00000000c0000000,0x00000000dc229490,0x00000000dc280000)
 Metaspace       used 72129K, committed 73728K, reserved 1179648K
  class space    used 7447K, committed 8192K, reserved 1048576K
}
Event: 41.222 GC heap after
{Heap after GC invocations=571 (full 3):
 PSYoungGen      total 2560K, used 443K [0x00000000eab00000, 0x00000000eaf00000, 0x0000000100000000)
  eden space 2048K, 0% used [0x00000000eab00000,0x00000000eab00000,0x00000000ead00000)
  from space 512K, 86% used [0x00000000eae80000,0x00000000eaeeec08,0x00000000eaf00000)
  to   space 512K, 0% used [0x00000000eae00000,0x00000000eae00000,0x00000000eae80000)
 ParOldGen       total 461312K, used 461197K [0x00000000c0000000, 0x00000000dc280000, 0x00000000eab00000)
  object space 461312K, 99% used [0x00000000c0000000,0x00000000dc263490,0x00000000dc280000)
 Metaspace       used 72129K, committed 73728K, reserved 1179648K
  class space    used 7447K, committed 8192K, reserved 1048576K
}
Event: 41.226 GC heap before
{Heap before GC invocations=572 (full 3):
 PSYoungGen      total 2560K, used 2491K [0x00000000eab00000, 0x00000000eaf00000, 0x0000000100000000)
  eden space 2048K, 100% used [0x00000000eab00000,0x00000000ead00000,0x00000000ead00000)
  from space 512K, 86% used [0x00000000eae80000,0x00000000eaeeec08,0x00000000eaf00000)
  to   space 512K, 0% used [0x00000000eae00000,0x00000000eae00000,0x00000000eae80000)
 ParOldGen       total 461312K, used 461197K [0x00000000c0000000, 0x00000000dc280000, 0x00000000eab00000)
  object space 461312K, 99% used [0x00000000c0000000,0x00000000dc263490,0x00000000dc280000)
 Metaspace       used 72129K, committed 73728K, reserved 1179648K
  class space    used 7447K, committed 8192K, reserved 1048576K
}
Event: 41.227 GC heap after
{Heap after GC invocations=572 (full 3):
 PSYoungGen      total 2560K, used 352K [0x00000000eab00000, 0x00000000eaf00000, 0x0000000100000000)
  eden space 2048K, 0% used [0x00000000eab00000,0x00000000eab00000,0x00000000ead00000)
  from space 512K, 68% used [0x00000000eae00000,0x00000000eae58000,0x00000000eae80000)
  to   space 512K, 0% used [0x00000000eae80000,0x00000000eae80000,0x00000000eaf00000)
 ParOldGen       total 461824K, used 461448K [0x00000000c0000000, 0x00000000dc300000, 0x00000000eab00000)
  object space 461824K, 99% used [0x00000000c0000000,0x00000000dc2a2098,0x00000000dc300000)
 Metaspace       used 72129K, committed 73728K, reserved 1179648K
  class space    used 7447K, committed 8192K, reserved 1048576K
}
Event: 41.232 GC heap before
{Heap before GC invocations=573 (full 3):
 PSYoungGen      total 2560K, used 2400K [0x00000000eab00000, 0x00000000eaf00000, 0x0000000100000000)
  eden space 2048K, 100% used [0x00000000eab00000,0x00000000ead00000,0x00000000ead00000)
  from space 512K, 68% used [0x00000000eae00000,0x00000000eae58000,0x00000000eae80000)
  to   space 512K, 0% used [0x00000000eae80000,0x00000000eae80000,0x00000000eaf00000)
 ParOldGen       total 461824K, used 461448K [0x00000000c0000000, 0x00000000dc300000, 0x00000000eab00000)
  object space 461824K, 99% used [0x00000000c0000000,0x00000000dc2a2098,0x00000000dc300000)
 Metaspace       used 72129K, committed 73728K, reserved 1179648K
  class space    used 7447K, committed 8192K, reserved 1048576K
}
Event: 41.233 GC heap after
{Heap after GC invocations=573 (full 3):
 PSYoungGen      total 2560K, used 419K [0x00000000eab00000, 0x00000000eaf00000, 0x0000000100000000)
  eden space 2048K, 0% used [0x00000000eab00000,0x00000000eab00000,0x00000000ead00000)
  from space 512K, 81% used [0x00000000eae80000,0x00000000eaee8e78,0x00000000eaf00000)
  to   space 512K, 0% used [0x00000000eae00000,0x00000000eae00000,0x00000000eae80000)
 ParOldGen       total 461824K, used 461664K [0x00000000c0000000, 0x00000000dc300000, 0x00000000eab00000)
  object space 461824K, 99% used [0x00000000c0000000,0x00000000dc2d8098,0x00000000dc300000)
 Metaspace       used 72129K, committed 73728K, reserved 1179648K
  class space    used 7447K, committed 8192K, reserved 1048576K
}
Event: 41.240 GC heap before
{Heap before GC invocations=574 (full 3):
 PSYoungGen      total 2560K, used 2467K [0x00000000eab00000, 0x00000000eaf00000, 0x0000000100000000)
  eden space 2048K, 100% used [0x00000000eab00000,0x00000000ead00000,0x00000000ead00000)
  from space 512K, 81% used [0x00000000eae80000,0x00000000eaee8e78,0x00000000eaf00000)
  to   space 512K, 0% used [0x00000000eae00000,0x00000000eae00000,0x00000000eae80000)
 ParOldGen       total 461824K, used 461664K [0x00000000c0000000, 0x00000000dc300000, 0x00000000eab00000)
  object space 461824K, 99% used [0x00000000c0000000,0x00000000dc2d8098,0x00000000dc300000)
 Metaspace       used 72129K, committed 73728K, reserved 1179648K
  class space    used 7447K, committed 8192K, reserved 1048576K
}
Event: 41.241 GC heap after
{Heap after GC invocations=574 (full 3):
 PSYoungGen      total 2560K, used 512K [0x00000000eab00000, 0x00000000eaf00000, 0x0000000100000000)
  eden space 2048K, 0% used [0x00000000eab00000,0x00000000eab00000,0x00000000ead00000)
  from space 512K, 100% used [0x00000000eae00000,0x00000000eae80000,0x00000000eae80000)
  to   space 512K, 0% used [0x00000000eae80000,0x00000000eae80000,0x00000000eaf00000)
 ParOldGen       total 462336K, used 461904K [0x00000000c0000000, 0x00000000dc380000, 0x00000000eab00000)
  object space 462336K, 99% used [0x00000000c0000000,0x00000000dc314098,0x00000000dc380000)
 Metaspace       used 72129K, committed 73728K, reserved 1179648K
  class space    used 7447K, committed 8192K, reserved 1048576K
}

