# JRE version: OpenJDK Runtime Environment Temurin-21.0.6+7 (21.0.6+7) (build 21.0.6+7-LTS)
# Java VM: OpenJDK 64-Bit Server VM Temurin-21.0.6+7 (21.0.6+7-LTS, mixed mode, sharing, tiered, compressed oops, compressed class ptrs, parallel gc, windows-amd64)
GC Precious Log:
 CardTable entry size: 512
 CPUs: 12 total, 12 available
 Memory: 16215M
 Large Page Support: Disabled
 NUMA Support: Disabled
 Compressed Oops: Enabled (32-bit)
 Alignments: Space 512K, Generation 512K, Heap 2M
 Heap Min Capacity: 100M
 Heap Initial Capacity: 100M
 Heap Max Capacity: 1G
 Pre-touch: Disabled
 Parallel Workers: 10
Heap:
 PSYoungGen      total 6144K, used 5009K [0x00000000eab00000, 0x00000000eb200000, 0x0000000100000000)
  eden space 5120K, 85% used [0x00000000eab00000,0x00000000eaf444d8,0x00000000eb000000)
  from space 1024K, 62% used [0x00000000eb000000,0x00000000eb0a0000,0x00000000eb100000)
  to   space 1024K, 0% used [0x00000000eb100000,0x00000000eb100000,0x00000000eb200000)
 ParOldGen       total 355840K, used 355586K [0x00000000c0000000, 0x00000000d5b80000, 0x00000000eab00000)
  object space 355840K, 99% used [0x00000000c0000000,0x00000000d5b409c8,0x00000000d5b80000)
 Metaspace       used 62807K, committed 64256K, reserved 1114112K
  class space    used 6463K, committed 7104K, reserved 1048576K
GC Heap History (20 events):
Event: 11.715 GC heap before
{Heap before GC invocations=422 (full 4):
 PSYoungGen      total 6144K, used 6104K [0x00000000eab00000, 0x00000000eb300000, 0x0000000100000000)
  eden space 5120K, 99% used [0x00000000eab00000,0x00000000eafffff8,0x00000000eb000000)
  from space 1024K, 96% used [0x00000000eb000000,0x00000000eb0f6008,0x00000000eb100000)
  to   space 1536K, 0% used [0x00000000eb180000,0x00000000eb180000,0x00000000eb300000)
 ParOldGen       total 349696K, used 349590K [0x00000000c0000000, 0x00000000d5580000, 0x00000000eab00000)
  object space 349696K, 99% used [0x00000000c0000000,0x00000000d5565bd8,0x00000000d5580000)
 Metaspace       used 62805K, committed 64256K, reserved 1114112K
  class space    used 6463K, committed 7104K, reserved 1048576K
}
Event: 11.717 GC heap after
{Heap after GC invocations=422 (full 4):
 PSYoungGen      total 6144K, used 800K [0x00000000eab00000, 0x00000000eb280000, 0x0000000100000000)
  eden space 5120K, 0% used [0x00000000eab00000,0x00000000eab00000,0x00000000eb000000)
  from space 1024K, 78% used [0x00000000eb180000,0x00000000eb248000,0x00000000eb280000)
  to   space 1024K, 0% used [0x00000000eb000000,0x00000000eb000000,0x00000000eb100000)
 ParOldGen       total 350720K, used 350374K [0x00000000c0000000, 0x00000000d5680000, 0x00000000eab00000)
  object space 350720K, 99% used [0x00000000c0000000,0x00000000d5629be0,0x00000000d5680000)
 Metaspace       used 62805K, committed 64256K, reserved 1114112K
  class space    used 6463K, committed 7104K, reserved 1048576K
}
Event: 11.730 GC heap before
{Heap before GC invocations=423 (full 4):
 PSYoungGen      total 6144K, used 5920K [0x00000000eab00000, 0x00000000eb280000, 0x0000000100000000)
  eden space 5120K, 100% used [0x00000000eab00000,0x00000000eb000000,0x00000000eb000000)
  from space 1024K, 78% used [0x00000000eb180000,0x00000000eb248000,0x00000000eb280000)
  to   space 1024K, 0% used [0x00000000eb000000,0x00000000eb000000,0x00000000eb100000)
 ParOldGen       total 350720K, used 350374K [0x00000000c0000000, 0x00000000d5680000, 0x00000000eab00000)
  object space 350720K, 99% used [0x00000000c0000000,0x00000000d5629be0,0x00000000d5680000)
 Metaspace       used 62805K, committed 64256K, reserved 1114112K
  class space    used 6463K, committed 7104K, reserved 1048576K
}
Event: 11.731 GC heap after
{Heap after GC invocations=423 (full 4):
 PSYoungGen      total 6144K, used 832K [0x00000000eab00000, 0x00000000eb200000, 0x0000000100000000)
  eden space 5120K, 0% used [0x00000000eab00000,0x00000000eab00000,0x00000000eb000000)
  from space 1024K, 81% used [0x00000000eb000000,0x00000000eb0d0000,0x00000000eb100000)
  to   space 1024K, 0% used [0x00000000eb100000,0x00000000eb100000,0x00000000eb200000)
 ParOldGen       total 351232K, used 351014K [0x00000000c0000000, 0x00000000d5700000, 0x00000000eab00000)
  object space 351232K, 99% used [0x00000000c0000000,0x00000000d56c9be0,0x00000000d5700000)
 Metaspace       used 62805K, committed 64256K, reserved 1114112K
  class space    used 6463K, committed 7104K, reserved 1048576K
}
Event: 11.745 GC heap before
{Heap before GC invocations=424 (full 4):
 PSYoungGen      total 6144K, used 5952K [0x00000000eab00000, 0x00000000eb200000, 0x0000000100000000)
  eden space 5120K, 100% used [0x00000000eab00000,0x00000000eb000000,0x00000000eb000000)
  from space 1024K, 81% used [0x00000000eb000000,0x00000000eb0d0000,0x00000000eb100000)
  to   space 1024K, 0% used [0x00000000eb100000,0x00000000eb100000,0x00000000eb200000)
 ParOldGen       total 351232K, used 351014K [0x00000000c0000000, 0x00000000d5700000, 0x00000000eab00000)
  object space 351232K, 99% used [0x00000000c0000000,0x00000000d56c9be0,0x00000000d5700000)
 Metaspace       used 62805K, committed 64256K, reserved 1114112K
  class space    used 6463K, committed 7104K, reserved 1048576K
}
Event: 11.746 GC heap after
{Heap after GC invocations=424 (full 4):
 PSYoungGen      total 6144K, used 736K [0x00000000eab00000, 0x00000000eb200000, 0x0000000100000000)
  eden space 5120K, 0% used [0x00000000eab00000,0x00000000eab00000,0x00000000eb000000)
  from space 1024K, 71% used [0x00000000eb100000,0x00000000eb1b8000,0x00000000eb200000)
  to   space 1024K, 0% used [0x00000000eb000000,0x00000000eb000000,0x00000000eb100000)
 ParOldGen       total 351744K, used 351705K [0x00000000c0000000, 0x00000000d5780000, 0x00000000eab00000)
  object space 351744K, 99% used [0x00000000c0000000,0x00000000d57767f0,0x00000000d5780000)
 Metaspace       used 62805K, committed 64256K, reserved 1114112K
  class space    used 6463K, committed 7104K, reserved 1048576K
}
Event: 11.759 GC heap before
{Heap before GC invocations=425 (full 4):
 PSYoungGen      total 6144K, used 5856K [0x00000000eab00000, 0x00000000eb200000, 0x0000000100000000)
  eden space 5120K, 100% used [0x00000000eab00000,0x00000000eb000000,0x00000000eb000000)
  from space 1024K, 71% used [0x00000000eb100000,0x00000000eb1b8000,0x00000000eb200000)
  to   space 1024K, 0% used [0x00000000eb000000,0x00000000eb000000,0x00000000eb100000)
 ParOldGen       total 351744K, used 351705K [0x00000000c0000000, 0x00000000d5780000, 0x00000000eab00000)
  object space 351744K, 99% used [0x00000000c0000000,0x00000000d57767f0,0x00000000d5780000)
 Metaspace       used 62806K, committed 64256K, reserved 1114112K
  class space    used 6463K, committed 7104K, reserved 1048576K
}
Event: 11.760 GC heap after
{Heap after GC invocations=425 (full 4):
 PSYoungGen      total 6144K, used 736K [0x00000000eab00000, 0x00000000eb200000, 0x0000000100000000)
  eden space 5120K, 0% used [0x00000000eab00000,0x00000000eab00000,0x00000000eb000000)
  from space 1024K, 71% used [0x00000000eb000000,0x00000000eb0b8000,0x00000000eb100000)
  to   space 1024K, 0% used [0x00000000eb100000,0x00000000eb100000,0x00000000eb200000)
 ParOldGen       total 352768K, used 352345K [0x00000000c0000000, 0x00000000d5880000, 0x00000000eab00000)
  object space 352768K, 99% used [0x00000000c0000000,0x00000000d58167f0,0x00000000d5880000)
 Metaspace       used 62806K, committed 64256K, reserved 1114112K
  class space    used 6463K, committed 7104K, reserved 1048576K
}
Event: 11.844 GC heap before
{Heap before GC invocations=426 (full 4):
 PSYoungGen      total 6144K, used 5840K [0x00000000eab00000, 0x00000000eb200000, 0x0000000100000000)
  eden space 5120K, 99% used [0x00000000eab00000,0x00000000eaffc3e8,0x00000000eb000000)
  from space 1024K, 71% used [0x00000000eb000000,0x00000000eb0b8000,0x00000000eb100000)
  to   space 1024K, 0% used [0x00000000eb100000,0x00000000eb100000,0x00000000eb200000)
 ParOldGen       total 352768K, used 352345K [0x00000000c0000000, 0x00000000d5880000, 0x00000000eab00000)
  object space 352768K, 99% used [0x00000000c0000000,0x00000000d58167f0,0x00000000d5880000)
 Metaspace       used 62807K, committed 64256K, reserved 1114112K
  class space    used 6463K, committed 7104K, reserved 1048576K
}
Event: 11.846 GC heap after
{Heap after GC invocations=426 (full 4):
 PSYoungGen      total 5632K, used 320K [0x00000000eab00000, 0x00000000eb180000, 0x0000000100000000)
  eden space 5120K, 0% used [0x00000000eab00000,0x00000000eab00000,0x00000000eb000000)
  from space 512K, 62% used [0x00000000eb100000,0x00000000eb150000,0x00000000eb180000)
  to   space 512K, 0% used [0x00000000eb080000,0x00000000eb080000,0x00000000eb100000)
 ParOldGen       total 353280K, used 352961K [0x00000000c0000000, 0x00000000d5900000, 0x00000000eab00000)
  object space 353280K, 99% used [0x00000000c0000000,0x00000000d58b07f0,0x00000000d5900000)
 Metaspace       used 62807K, committed 64256K, reserved 1114112K
  class space    used 6463K, committed 7104K, reserved 1048576K
}
Event: 11.861 GC heap before
{Heap before GC invocations=427 (full 4):
 PSYoungGen      total 5632K, used 5440K [0x00000000eab00000, 0x00000000eb180000, 0x0000000100000000)
  eden space 5120K, 100% used [0x00000000eab00000,0x00000000eb000000,0x00000000eb000000)
  from space 512K, 62% used [0x00000000eb100000,0x00000000eb150000,0x00000000eb180000)
  to   space 512K, 0% used [0x00000000eb080000,0x00000000eb080000,0x00000000eb100000)
 ParOldGen       total 353280K, used 352961K [0x00000000c0000000, 0x00000000d5900000, 0x00000000eab00000)
  object space 353280K, 99% used [0x00000000c0000000,0x00000000d58b07f0,0x00000000d5900000)
 Metaspace       used 62807K, committed 64256K, reserved 1114112K
  class space    used 6463K, committed 7104K, reserved 1048576K
}
Event: 11.863 GC heap after
{Heap after GC invocations=427 (full 4):
 PSYoungGen      total 5632K, used 512K [0x00000000eab00000, 0x00000000eb200000, 0x0000000100000000)
  eden space 5120K, 0% used [0x00000000eab00000,0x00000000eab00000,0x00000000eb000000)
  from space 512K, 100% used [0x00000000eb080000,0x00000000eb100000,0x00000000eb100000)
  to   space 1024K, 0% used [0x00000000eb100000,0x00000000eb100000,0x00000000eb200000)
 ParOldGen       total 353280K, used 353264K [0x00000000c0000000, 0x00000000d5900000, 0x00000000eab00000)
  object space 353280K, 99% used [0x00000000c0000000,0x00000000d58fc398,0x00000000d5900000)
 Metaspace       used 62807K, committed 64256K, reserved 1114112K
  class space    used 6463K, committed 7104K, reserved 1048576K
}
Event: 11.906 GC heap before
{Heap before GC invocations=428 (full 4):
 PSYoungGen      total 5632K, used 5632K [0x00000000eab00000, 0x00000000eb200000, 0x0000000100000000)
  eden space 5120K, 100% used [0x00000000eab00000,0x00000000eb000000,0x00000000eb000000)
  from space 512K, 100% used [0x00000000eb080000,0x00000000eb100000,0x00000000eb100000)
  to   space 1024K, 0% used [0x00000000eb100000,0x00000000eb100000,0x00000000eb200000)
 ParOldGen       total 353280K, used 353264K [0x00000000c0000000, 0x00000000d5900000, 0x00000000eab00000)
  object space 353280K, 99% used [0x00000000c0000000,0x00000000d58fc398,0x00000000d5900000)
 Metaspace       used 62807K, committed 64256K, reserved 1114112K
  class space    used 6463K, committed 7104K, reserved 1048576K
}
Event: 11.908 GC heap after
{Heap after GC invocations=428 (full 4):
 PSYoungGen      total 6144K, used 722K [0x00000000eab00000, 0x00000000eb200000, 0x0000000100000000)
  eden space 5120K, 0% used [0x00000000eab00000,0x00000000eab00000,0x00000000eb000000)
  from space 1024K, 70% used [0x00000000eb100000,0x00000000eb1b4928,0x00000000eb200000)
  to   space 1024K, 0% used [0x00000000eb000000,0x00000000eb000000,0x00000000eb100000)
 ParOldGen       total 354304K, used 353811K [0x00000000c0000000, 0x00000000d5a00000, 0x00000000eab00000)
  object space 354304K, 99% used [0x00000000c0000000,0x00000000d5984fa0,0x00000000d5a00000)
 Metaspace       used 62807K, committed 64256K, reserved 1114112K
  class space    used 6463K, committed 7104K, reserved 1048576K
}
Event: 11.920 GC heap before
{Heap before GC invocations=429 (full 4):
 PSYoungGen      total 6144K, used 5828K [0x00000000eab00000, 0x00000000eb200000, 0x0000000100000000)
  eden space 5120K, 99% used [0x00000000eab00000,0x00000000eaffc6d8,0x00000000eb000000)
  from space 1024K, 70% used [0x00000000eb100000,0x00000000eb1b4928,0x00000000eb200000)
  to   space 1024K, 0% used [0x00000000eb000000,0x00000000eb000000,0x00000000eb100000)
 ParOldGen       total 354304K, used 353811K [0x00000000c0000000, 0x00000000d5a00000, 0x00000000eab00000)
  object space 354304K, 99% used [0x00000000c0000000,0x00000000d5984fa0,0x00000000d5a00000)
 Metaspace       used 62807K, committed 64256K, reserved 1114112K
  class space    used 6463K, committed 7104K, reserved 1048576K
}
Event: 11.921 GC heap after
{Heap after GC invocations=429 (full 4):
 PSYoungGen      total 6144K, used 1005K [0x00000000eab00000, 0x00000000eb300000, 0x0000000100000000)
  eden space 5120K, 0% used [0x00000000eab00000,0x00000000eab00000,0x00000000eb000000)
  from space 1024K, 98% used [0x00000000eb000000,0x00000000eb0fb530,0x00000000eb100000)
  to   space 1536K, 0% used [0x00000000eb180000,0x00000000eb180000,0x00000000eb300000)
 ParOldGen       total 354304K, used 353955K [0x00000000c0000000, 0x00000000d5a00000, 0x00000000eab00000)
  object space 354304K, 99% used [0x00000000c0000000,0x00000000d59a8fa0,0x00000000d5a00000)
 Metaspace       used 62807K, committed 64256K, reserved 1114112K
  class space    used 6463K, committed 7104K, reserved 1048576K
}
Event: 11.940 GC heap before
{Heap before GC invocations=430 (full 4):
 PSYoungGen      total 6144K, used 6125K [0x00000000eab00000, 0x00000000eb300000, 0x0000000100000000)
  eden space 5120K, 100% used [0x00000000eab00000,0x00000000eb000000,0x00000000eb000000)
  from space 1024K, 98% used [0x00000000eb000000,0x00000000eb0fb530,0x00000000eb100000)
  to   space 1536K, 0% used [0x00000000eb180000,0x00000000eb180000,0x00000000eb300000)
 ParOldGen       total 354304K, used 353955K [0x00000000c0000000, 0x00000000d5a00000, 0x00000000eab00000)
  object space 354304K, 99% used [0x00000000c0000000,0x00000000d59a8fa0,0x00000000d5a00000)
 Metaspace       used 62807K, committed 64256K, reserved 1114112K
  class space    used 6463K, committed 7104K, reserved 1048576K
}
Event: 11.942 GC heap after
{Heap after GC invocations=430 (full 4):
 PSYoungGen      total 6144K, used 758K [0x00000000eab00000, 0x00000000eb280000, 0x0000000100000000)
  eden space 5120K, 0% used [0x00000000eab00000,0x00000000eab00000,0x00000000eb000000)
  from space 1024K, 74% used [0x00000000eb180000,0x00000000eb23d808,0x00000000eb280000)
  to   space 1024K, 0% used [0x00000000eb000000,0x00000000eb000000,0x00000000eb100000)
 ParOldGen       total 355328K, used 354980K [0x00000000c0000000, 0x00000000d5b00000, 0x00000000eab00000)
  object space 355328K, 99% used [0x00000000c0000000,0x00000000d5aa91c0,0x00000000d5b00000)
 Metaspace       used 62807K, committed 64256K, reserved 1114112K
  class space    used 6463K, committed 7104K, reserved 1048576K
}
Event: 11.959 GC heap before
{Heap before GC invocations=431 (full 4):
 PSYoungGen      total 6144K, used 5878K [0x00000000eab00000, 0x00000000eb280000, 0x0000000100000000)
  eden space 5120K, 100% used [0x00000000eab00000,0x00000000eb000000,0x00000000eb000000)
  from space 1024K, 74% used [0x00000000eb180000,0x00000000eb23d808,0x00000000eb280000)
  to   space 1024K, 0% used [0x00000000eb000000,0x00000000eb000000,0x00000000eb100000)
 ParOldGen       total 355328K, used 354980K [0x00000000c0000000, 0x00000000d5b00000, 0x00000000eab00000)
  object space 355328K, 99% used [0x00000000c0000000,0x00000000d5aa91c0,0x00000000d5b00000)
 Metaspace       used 62807K, committed 64256K, reserved 1114112K
  class space    used 6463K, committed 7104K, reserved 1048576K
}
Event: 11.961 GC heap after
{Heap after GC invocations=431 (full 4):
 PSYoungGen      total 6144K, used 640K [0x00000000eab00000, 0x00000000eb200000, 0x0000000100000000)
  eden space 5120K, 0% used [0x00000000eab00000,0x00000000eab00000,0x00000000eb000000)
  from space 1024K, 62% used [0x00000000eb000000,0x00000000eb0a0000,0x00000000eb100000)
  to   space 1024K, 0% used [0x00000000eb100000,0x00000000eb100000,0x00000000eb200000)
 ParOldGen       total 355840K, used 355586K [0x00000000c0000000, 0x00000000d5b80000, 0x00000000eab00000)
  object space 355840K, 99% used [0x00000000c0000000,0x00000000d5b409c8,0x00000000d5b80000)
 Metaspace       used 62807K, committed 64256K, reserved 1114112K
  class space    used 6463K, committed 7104K, reserved 1048576K
}

